This file contains any messages produced by compilers while
running configure, to aid debugging if configure makes a mistake.

It was created by GNU C Library configure (see version.h), which was
generated by GNU Autoconf 2.68.  Invocation command line was

  $ ../configure --prefix /home/student/Documents/vamv/glibc2

## --------- ##
## Platform. ##
## --------- ##

hostname = student-vm
uname -m = i686
uname -r = 3.0.0-vipzone
uname -s = Linux
uname -v = #1 SMP Sat Mar 31 14:01:55 PDT 2012

/usr/bin/uname -p = unknown
/bin/uname -X     = unknown

/bin/arch              = unknown
/usr/bin/arch -k       = unknown
/usr/convex/getsysinfo = unknown
/usr/bin/hostinfo      = unknown
/bin/machine           = unknown
/usr/bin/oslevel       = unknown
/bin/universe          = unknown

PATH: /usr/local/sbin
PATH: /usr/local/bin
PATH: /usr/sbin
PATH: /usr/bin
PATH: /sbin
PATH: /bin
PATH: /usr/games


## ----------- ##
## Core tests. ##
## ----------- ##

configure:2367: checking build system type
configure:2381: result: i686-pc-linux-gnu
configure:2401: checking host system type
configure:2414: result: i686-pc-linux-gnu
configure:2483: checking for gcc
configure:2499: found /usr/bin/gcc
configure:2510: result: gcc
configure:2739: checking for C compiler version
configure:2748: gcc --version >&5
gcc (Ubuntu 4.4.3-4ubuntu5.1) 4.4.3
Copyright (C) 2009 Free Software Foundation, Inc.
This is free software; see the source for copying conditions.  There is NO
warranty; not even for MERCHANTABILITY or FITNESS FOR A PARTICULAR PURPOSE.

configure:2759: $? = 0
configure:2748: gcc -v >&5
Using built-in specs.
Target: i486-linux-gnu
Configured with: ../src/configure -v --with-pkgversion='Ubuntu 4.4.3-4ubuntu5.1' --with-bugurl=file:///usr/share/doc/gcc-4.4/README.Bugs --enable-languages=c,c++,fortran,objc,obj-c++ --prefix=/usr --enable-shared --enable-multiarch --enable-linker-build-id --with-system-zlib --libexecdir=/usr/lib --without-included-gettext --enable-threads=posix --with-gxx-include-dir=/usr/include/c++/4.4 --program-suffix=-4.4 --enable-nls --enable-clocale=gnu --enable-libstdcxx-debug --enable-plugin --enable-objc-gc --enable-targets=all --disable-werror --with-arch-32=i486 --with-tune=generic --enable-checking=release --build=i486-linux-gnu --host=i486-linux-gnu --target=i486-linux-gnu
Thread model: posix
gcc version 4.4.3 (Ubuntu 4.4.3-4ubuntu5.1) 
configure:2759: $? = 0
configure:2748: gcc -V >&5
gcc: '-V' option must have argument
configure:2759: $? = 1
configure:2748: gcc -qversion >&5
gcc: unrecognized option '-qversion'
gcc: no input files
configure:2759: $? = 1
configure:2764: checking for suffix of object files
configure:2786: gcc -c   conftest.c >&5
configure:2790: $? = 0
configure:2811: result: o
configure:2815: checking whether we are using the GNU C compiler
configure:2834: gcc -c   conftest.c >&5
configure:2834: $? = 0
configure:2843: result: yes
configure:2852: checking whether gcc accepts -g
configure:2872: gcc -c -g  conftest.c >&5
configure:2872: $? = 0
configure:2913: result: yes
configure:2930: checking for gcc option to accept ISO C89
configure:2994: gcc  -c -g -O2  conftest.c >&5
configure:2994: $? = 0
configure:3007: result: none needed
configure:3077: checking how to run the C preprocessor
configure:3108: gcc -E  conftest.c
configure:3108: $? = 0
configure:3122: gcc -E  conftest.c
conftest.c:9:28: error: ac_nonexistent.h: No such file or directory
configure:3122: $? = 1
configure: failed program was:
| /* confdefs.h */
| #define PACKAGE_NAME "GNU C Library"
| #define PACKAGE_TARNAME "glibc"
| #define PACKAGE_VERSION "(see version.h)"
| #define PACKAGE_STRING "GNU C Library (see version.h)"
| #define PACKAGE_BUGREPORT "http://sourceware.org/bugzilla/"
| #define PACKAGE_URL "http://www.gnu.org/software/glibc/"
| /* end confdefs.h.  */
| #include <ac_nonexistent.h>
configure:3147: result: gcc -E
configure:3167: gcc -E  conftest.c
configure:3167: $? = 0
configure:3181: gcc -E  conftest.c
conftest.c:9:28: error: ac_nonexistent.h: No such file or directory
configure:3181: $? = 1
configure: failed program was:
| /* confdefs.h */
| #define PACKAGE_NAME "GNU C Library"
| #define PACKAGE_TARNAME "glibc"
| #define PACKAGE_VERSION "(see version.h)"
| #define PACKAGE_STRING "GNU C Library (see version.h)"
| #define PACKAGE_BUGREPORT "http://sourceware.org/bugzilla/"
| #define PACKAGE_URL "http://www.gnu.org/software/glibc/"
| /* end confdefs.h.  */
| #include <ac_nonexistent.h>
configure:3268: checking for g++
configure:3284: found /usr/bin/g++
configure:3295: result: g++
configure:3322: checking for C++ compiler version
configure:3331: g++ --version >&5
g++ (Ubuntu 4.4.3-4ubuntu5.1) 4.4.3
Copyright (C) 2009 Free Software Foundation, Inc.
This is free software; see the source for copying conditions.  There is NO
warranty; not even for MERCHANTABILITY or FITNESS FOR A PARTICULAR PURPOSE.

configure:3342: $? = 0
configure:3331: g++ -v >&5
Using built-in specs.
Target: i486-linux-gnu
Configured with: ../src/configure -v --with-pkgversion='Ubuntu 4.4.3-4ubuntu5.1' --with-bugurl=file:///usr/share/doc/gcc-4.4/README.Bugs --enable-languages=c,c++,fortran,objc,obj-c++ --prefix=/usr --enable-shared --enable-multiarch --enable-linker-build-id --with-system-zlib --libexecdir=/usr/lib --without-included-gettext --enable-threads=posix --with-gxx-include-dir=/usr/include/c++/4.4 --program-suffix=-4.4 --enable-nls --enable-clocale=gnu --enable-libstdcxx-debug --enable-plugin --enable-objc-gc --enable-targets=all --disable-werror --with-arch-32=i486 --with-tune=generic --enable-checking=release --build=i486-linux-gnu --host=i486-linux-gnu --target=i486-linux-gnu
Thread model: posix
gcc version 4.4.3 (Ubuntu 4.4.3-4ubuntu5.1) 
configure:3342: $? = 0
configure:3331: g++ -V >&5
g++: '-V' option must have argument
configure:3342: $? = 1
configure:3331: g++ -qversion >&5
g++: unrecognized option '-qversion'
g++: no input files
configure:3342: $? = 1
configure:3346: checking whether we are using the GNU C++ compiler
configure:3365: g++ -c   conftest.cpp >&5
configure:3365: $? = 0
configure:3374: result: yes
configure:3383: checking whether g++ accepts -g
configure:3403: g++ -c -g  conftest.cpp >&5
configure:3403: $? = 0
configure:3444: result: yes
configure:3949: running configure fragment for add-on libidn
configure:3949: running configure fragment for add-on nptl
configure:4091: checking for assembler gnu_indirect_function symbol type support
configure:4107: result: yes
configure:4110: checking whether .text pseudo-op must be used
configure:4120: gcc  -c conftest.s 1>&5
configure:4123: $? = 0
configure:4134: result: yes
configure:4138: checking for assembler global-symbol directive
configure:4151: gcc  -c conftest.s 1>&5
configure:4154: $? = 0
configure:4162: result: .globl
configure:4173: checking for assembler .type directive prefix
configure:4189: gcc  -c conftest.s 1>&5
configure:4192: $? = 0
configure:4200: result: @
configure:4223: checking sysdep dirs
configure:4468: result: sysdeps/generic/elf sysdeps/generic
configure:4545: checking for a BSD-compatible install
configure:4613: result: /usr/bin/install -c
configure:4628: checking whether ln -s works
configure:4632: result: yes
configure:4656: checking whether as is GNU as
configure:4670: result: yes
configure:4675: checking whether ld is GNU ld
configure:4689: result: yes
configure:4699: checking for as
configure:4726: result: as
configure:4741: checking version of as
configure:4751: result: 2.20.1, ok
configure:4762: checking for ld
configure:4789: result: ld
configure:4804: checking version of ld
configure:4814: result: 2.20.1, ok
configure:4829: checking for pwd
configure:4847: found /bin/pwd
configure:4860: result: /bin/pwd
configure:4878: checking for gcc
configure:4905: result: gcc
configure:4920: checking version of gcc
configure:4930: result: 4.4.3, ok
configure:4941: checking for gnumake
configure:4971: result: no
configure:4941: checking for gmake
configure:4971: result: no
configure:4941: checking for make
configure:4957: found /usr/bin/make
configure:4968: result: make
configure:4983: checking version of make
configure:4993: result: 3.81, ok
configure:5005: checking for gnumsgfmt
configure:5035: result: no
configure:5005: checking for gmsgfmt
configure:5035: result: no
configure:5005: checking for msgfmt
configure:5021: found /usr/bin/msgfmt
configure:5032: result: msgfmt
configure:5047: checking version of msgfmt
configure:5057: result: 0.17, ok
configure:5068: checking for makeinfo
configure:5098: result: no
configure:5131: checking for sed
configure:5147: found /bin/sed
configure:5158: result: sed
configure:5173: checking version of sed
configure:5183: result: 4.2.1, ok
configure:5234: checking for readelf
configure:5250: found /usr/bin/readelf
configure:5261: result: readelf
configure:5288: checking for autoconf
configure:5318: result: no
configure:5357: WARNING:
*** These auxiliary programs are missing or incompatible versions: makeinfo autoconf
*** some features will be disabled.
*** Check the INSTALL file for required versions.
configure:5400: checking LD_LIBRARY_PATH variable
configure:5410: result: ok
configure:5419: checking whether GCC supports -static-libgcc
configure:5430: result: -static-libgcc
configure:5436: checking for bash
configure:5454: found /bin/bash
configure:5467: result: /bin/bash
configure:5542: checking for gawk
configure:5558: found /usr/bin/gawk
configure:5569: result: gawk
configure:5582: checking for perl
configure:5600: found /usr/bin/perl
configure:5613: result: /usr/bin/perl
configure:5627: checking for install-info
configure:5646: found /usr/sbin/install-info
configure:5659: result: /usr/sbin/install-info
configure:5669: checking for bison
configure:5701: result: no
configure:5710: checking for signed size_t type
configure:5725: result: no
configure:5734: checking for libc-friendly stddef.h
configure:5758: gcc -c -g -O2  conftest.c >&5
conftest.c: In function 'main':
conftest.c:26: warning: incompatible implicit declaration of built-in function 'abort'
configure:5758: $? = 0
configure:5765: result: yes
configure:5772: checking whether we need to use -P to assemble .S files
configure:5782: gcc   -c conftest.S 1>&5
configure:5785: $? = 0
configure:5793: result: no
configure:5800: checking for .set assembler directive
configure:5826: result: yes
configure:5833: checking for assembler gnu_unique_object symbol type
configure:5850: result: yes
configure:5857: checking for .symver assembler directive
configure:5874: result: yes
configure:5876: checking for ld --version-script
configure:5902: gcc -g -O2  -shared
				-o conftest.so conftest.o
				-nostartfiles -nostdlib
				-Wl,--version-script,conftest.map
		       1>&5
configure:5905: $? = 0
configure:5920: result: yes
configure:5942: checking for .previous assembler directive
configure:5952: gcc -c  conftest.s 1>&5
configure:5955: $? = 0
configure:5963: result: yes
configure:5997: checking for .protected and .hidden assembler directive
configure:6009: gcc -c  conftest.s 1>&5
configure:6012: $? = 0
configure:6020: result: yes
configure:6024: checking whether __attribute__((visibility())) is supported
configure:6035: gcc -Werror -S conftest.c -o conftest.s 1>&5
configure:6038: $? = 0
configure:6049: result: yes
configure:6057: checking for broken __attribute__((visibility()))
configure:6069: gcc -Werror -S conftest.c -o conftest.s 1>&5
configure:6072: $? = 0
configure:6081: result: no
configure:6088: checking for broken __attribute__((alias()))
configure:6103: gcc -Werror -S conftest.c -o conftest.s 1>&5
configure:6106: $? = 0
configure:6116: result: no
configure:6123: checking whether to put _rtld_local into .sdata section
configure:6137: result: no
configure:6145: checking for .preinit_array/.init_array/.fini_array support
configure:6158: gcc -g -O2   -o conftest conftest.c
		     -static -nostartfiles -nostdlib 1>&5
configure:6161: $? = 0
configure:6174: result: yes
configure:6180: checking whether to use .ctors/.dtors header and trailer
configure:6200: gcc -o conftest -g -O2   conftest.c  >&5
configure:6200: $? = 0
configure:6226: result: yes
configure:6233: checking for libunwind-support in compiler
configure:6250: result: no
configure:6258: checking for -z nodelete option
configure:6270: gcc -g -O2  
		     -fPIC -shared -o conftest.so conftest.c
		     -nostartfiles -nostdlib
		     -Wl,--enable-new-dtags,-z,nodelete 1>&5
configure:6273: $? = 0
configure:6282: result: yes
configure:6285: checking for -z nodlopen option
configure:6297: gcc -g -O2  
			-fPIC -shared -o conftest.so conftest.c
			-nostartfiles -nostdlib
			-Wl,--enable-new-dtags,-z,nodlopen 1>&5
configure:6300: $? = 0
configure:6309: result: yes
configure:6312: checking for -z initfirst option
configure:6324: gcc -g -O2  
			-fPIC -shared -o conftest.so conftest.c
			-nostartfiles -nostdlib
			-Wl,--enable-new-dtags,-z,initfirst 1>&5
configure:6327: $? = 0
configure:6336: result: yes
configure:6361: checking for -z relro option
configure:6402: gcc -g -O2  
		    -fPIC -shared -o conftest.so conftest.c
		    -nostartfiles -nostdlib
		    -Wl,-z,relro 1>&5
configure:6405: $? = 0
configure:6408: readelf -Wl conftest.so > conftest.ph
configure:6411: $? = 0
configure:6417: 
      gawk -v commonpagesize=0x1000 -f conftest.awk
	   conftest.ph > conftest.cps
    
LINE: 
LINE: Elf file type is DYN (Shared object file)
LINE: Entry point 0x240
LINE: There are 6 program headers, starting at offset 52
LINE: 
LINE: Program Headers:
LINE:   Type           Offset   VirtAddr   PhysAddr   FileSiz MemSiz  Flg Align
LINE:   LOAD           0x000000 0x00000000 0x00000000 0x0024a 0x0024a R E 0x1000
LINE:   LOAD           0x000f70 0x00001f70 0x00001f70 0x40090 0x40090 RW  0x1000
LINE:   DYNAMIC        0x000f7c 0x00001f7c 0x00001f7c 0x00078 0x00078 RW  0x4
LINE:   NOTE           0x0000f4 0x000000f4 0x000000f4 0x00024 0x00024 R   0x4
LINE:   GNU_STACK      0x000000 0x00000000 0x00000000 0x00000 0x00000 RW  0x4
LINE:   GNU_RELRO      0x000f70 0x00001f70 0x00001f70 0x00090 0x00090 R   0x1
vaddr 0x1f70 memsz 0x90 end 0x2000 commonpagesize 0x1000
LINE: 
LINE:  Section to Segment mapping:
LINE:   Segment Sections...
LINE:    00     .note.gnu.build-id .hash .gnu.hash .dynsym .dynstr .rel.dyn .text 
LINE:    01     .data.rel.ro .dynamic .got.plt .data 
LINE:    02     .dynamic 
LINE:    03     .note.gnu.build-id 
LINE:    04     
LINE:    05     .data.rel.ro .dynamic .got.plt 
configure:6420: $? = 0
configure:6425: result: yes
configure:6438: checking for -Bgroup option
configure:6449: gcc -g -O2  
			      -fPIC -shared -o conftest.so conftest.c
			      -Wl,-Bgroup -nostdlib 1>&5
configure:6452: $? = 0
configure:6461: result: yes
configure:6465: checking for libgcc_s suffix
configure:6479: result: 
configure:6483: checking for --as-needed option
configure:6495: gcc -g -O2  
			      -fPIC -shared -o conftest.so conftest.c
			      -lgcc_s -Wl,--as-needed
			      -nostdlib 1>&5
configure:6498: $? = 0
configure:6507: result: yes
configure:6512: checking whether --noexecstack is desirable for .S files
configure:6522: gcc -g -O2 
		     -S -o conftest.s conftest.c 1>&5
configure:6525: $? = 0
configure:6530: gcc  -Wa,--noexecstack
		       -c -o conftest.o conftest.s 1>&5
configure:6533: $? = 0
configure:6542: result: yes
configure:6549: checking for -z combreloc
configure:6563: gcc -g -O2  
			-fPIC -shared -o conftest.so conftest.c
			-nostdlib -nostartfiles
			-Wl,-z,combreloc 1>&5
configure:6566: $? = 0
configure:6579: result: yes
configure:6587: checking for -z execstack
configure:6599: gcc -g -O2  
			      -fPIC -shared -o conftest.so conftest.c
			      -Wl,-z,execstack -nostdlib
			      1>&5
configure:6602: $? = 0
configure:6611: result: yes
configure:6615: checking for -fpie
configure:6626: gcc -g -O2   -pie -fpie
			      -o conftest conftest.c 1>&5
configure:6629: $? = 0
configure:6638: result: yes
configure:6643: checking for --hash-style option
configure:6654: gcc -g -O2  
			      -fPIC -shared -o conftest.so conftest.c
			      -Wl,--hash-style=both -nostdlib 1>&5
configure:6657: $? = 0
configure:6666: result: yes
configure:6674: checking for sufficient default -shared layout
configure:6693:   gcc  -shared -o conftest.so conftest.s 1>&5
configure:6696: $? = 0
nono from:

NOTE .note.gnu.build-i
HASH .hash
GNU_HASH .gnu.hash
DYNSYM .dynsym
STRTAB .dynstr
VERSYM .gnu.version
VERNEED .gnu.version_r
REL .rel.dyn
REL .rel.plt
PROGBITS .init
PROGBITS .plt
PROGBITS .text
PROGBITS .fini
NOTE .note.a
NOTE .note.b
PROGBITS .eh_frame
PROGBITS .ctors
PROGBITS .dtors
PROGBITS .jcr
DYNAMIC .dynamic
PROGBITS .got
PROGBITS .got.plt
PROGBITS .data
NOBITS .bss
PROGBITS .comment
STRTAB .shstrtab
SYMTAB .symtab
STRTAB .strtab
configure:6728: result: no
configure:6734: checking linker output format
/usr/bin/ld: unrecognized option '--print-output-format'
/usr/bin/ld: use the --help option for usage information
collect2: ld returned 1 exit status
configure:6748: result: unknown
configure:6752: checking for -fno-toplevel-reorder -fno-section-anchors
configure:6762: gcc -g -O2  -S -fno-toplevel-reorder -fno-section-anchors
			    conftest.c 1>&5
configure:6765: $? = 0
configure:6774: result: yes
configure:6783: checking for -fstack-protector
configure:6794: gcc -g -O2   -Werror -fstack-protector
			    -o conftest conftest.c 1>&5
configure:6797: $? = 0
configure:6806: result: yes
configure:6810: checking for -fgnu89-inline
configure:6825: gcc -g -O2  -S -std=gnu99 -fgnu89-inline
			    -o conftest.s conftest.c 1>&5
conftest.c:3: warning: return type defaults to 'int'
configure:6828: $? = 0
configure:6837: result: yes
configure:6881: checking whether cc puts quotes around section names
configure:6902: result: no
configure:6987: checking for assembler .weak directive
configure:7000: gcc  -c conftest.s 1>&5
configure:7003: $? = 0
configure:7011: result: yes
configure:7054: checking whether CFI directives are supported
configure:7073: gcc  -c conftest.s 1>&5
configure:7076: $? = 0
configure:7084: result: yes
configure:7091: checking for ld --no-whole-archive
configure:7104: gcc -g -O2  
			    -nostdlib -nostartfiles -Wl,--no-whole-archive
			    -o conftest conftest.c 1>&5
configure:7107: $? = 0
configure:7115: result: yes
configure:7121: checking for gcc -fexceptions
configure:7134: gcc -g -O2  
			    -nostdlib -nostartfiles -fexceptions
			    -o conftest conftest.c 1>&5
configure:7137: $? = 0
configure:7145: result: yes
configure:7185: checking for __builtin_expect
configure:7200: gcc -g -O2   -nostdlib -nostartfiles
			    -o conftest conftest.c -lgcc >&5
/usr/bin/ld: warning: cannot find entry symbol _start; defaulting to 00000000080480c0
configure:7203: $? = 0
configure:7211: result: yes
configure:7217: checking for __builtin_memset
configure:7229: gcc -O3 -S conftest.c -o - | fgrep memset > /dev/null
configure:7232: $? = 1
configure:7241: result: yes
configure:7248: checking for redirection of built-in functions
configure:7261: gcc -O3 -S conftest.c -o - | fgrep my_strstr > /dev/null
configure:7264: $? = 0
configure:7273: result: yes
configure:7279: checking for __thread
configure:7288: gcc -g -O2  -c conftest.c >&5
configure:7291: $? = 0
configure:7299: result: yes
configure:7305: checking for tls_model attribute
configure:7314: gcc -g -O2  -S -Werror conftest.c >&5
configure:7317: $? = 0
configure:7325: result: yes
configure:7358: checking for libgd
configure:7378: gcc -o conftest -g -O2     conftest.c  -lgd -lpng -lz -lm >&5
conftest.c:23:16: error: gd.h: No such file or directory
configure:7378: $? = 1
configure: failed program was:
| /* confdefs.h */
| #define PACKAGE_NAME "GNU C Library"
| #define PACKAGE_TARNAME "glibc"
| #define PACKAGE_VERSION "(see version.h)"
| #define PACKAGE_STRING "GNU C Library (see version.h)"
| #define PACKAGE_BUGREPORT "http://sourceware.org/bugzilla/"
| #define PACKAGE_URL "http://www.gnu.org/software/glibc/"
| #define HAVE_LIBIDN 1
| #define USE_REGPARMS 1
| #define ASM_GLOBAL_DIRECTIVE .globl
| #define ASM_TYPE_DIRECTIVE_PREFIX @
| #define USE_MULTIARCH 1
| #define HAVE_ASM_SET_DIRECTIVE 1
| #define HAVE_ASM_UNIQUE_OBJECT 1
| #define DO_VERSIONING 1
| #define HAVE_ASM_PREVIOUS_DIRECTIVE 1
| #define HAVE_Z_COMBRELOC 1
| #define NO_UNDERSCORES 1
| #define HAVE_ASM_WEAK_DIRECTIVE 1
| #define HAVE_ASM_CFI_DIRECTIVES 1
| #define HAVE_BUILTIN_MEMSET 1
| /* end confdefs.h.  */
| #include <gd.h>
| int
| main ()
| {
| gdImagePng (0, 0)
|   ;
|   return 0;
| }
configure:7391: result: no
configure:7400: checking for is_selinux_enabled in -lselinux
configure:7425: gcc -o conftest -g -O2   conftest.c -lselinux   >&5
/usr/bin/ld: cannot find -lselinux
collect2: ld returned 1 exit status
configure:7425: $? = 1
configure: failed program was:
| /* confdefs.h */
| #define PACKAGE_NAME "GNU C Library"
| #define PACKAGE_TARNAME "glibc"
| #define PACKAGE_VERSION "(see version.h)"
| #define PACKAGE_STRING "GNU C Library (see version.h)"
| #define PACKAGE_BUGREPORT "http://sourceware.org/bugzilla/"
| #define PACKAGE_URL "http://www.gnu.org/software/glibc/"
| #define HAVE_LIBIDN 1
| #define USE_REGPARMS 1
| #define ASM_GLOBAL_DIRECTIVE .globl
| #define ASM_TYPE_DIRECTIVE_PREFIX @
| #define USE_MULTIARCH 1
| #define HAVE_ASM_SET_DIRECTIVE 1
| #define HAVE_ASM_UNIQUE_OBJECT 1
| #define DO_VERSIONING 1
| #define HAVE_ASM_PREVIOUS_DIRECTIVE 1
| #define HAVE_Z_COMBRELOC 1
| #define NO_UNDERSCORES 1
| #define HAVE_ASM_WEAK_DIRECTIVE 1
| #define HAVE_ASM_CFI_DIRECTIVES 1
| #define HAVE_BUILTIN_MEMSET 1
| /* end confdefs.h.  */
| 
| /* Override any GCC internal prototype to avoid an error.
|    Use char because int might match the return type of a GCC
|    builtin and then its argument prototype would still apply.  */
| #ifdef __cplusplus
| extern "C"
| #endif
| char is_selinux_enabled ();
| int
| main ()
| {
| return is_selinux_enabled ();
|   ;
|   return 0;
| }
configure:7434: result: no
configure:7586: checking for grep that handles long lines and -e
configure:7644: result: /bin/grep
configure:7649: checking for egrep
configure:7711: result: /bin/grep -E
configure:7716: checking for ANSI C header files
configure:7736: gcc -c -g -O2  conftest.c >&5
configure:7736: $? = 0
configure:7809: gcc -o conftest -g -O2   conftest.c  >&5
configure:7809: $? = 0
configure:7809: ./conftest
configure:7809: $? = 0
configure:7820: result: yes
configure:7833: checking for sys/types.h
configure:7833: gcc -c -g -O2  conftest.c >&5
configure:7833: $? = 0
configure:7833: result: yes
configure:7833: checking for sys/stat.h
configure:7833: gcc -c -g -O2  conftest.c >&5
configure:7833: $? = 0
configure:7833: result: yes
configure:7833: checking for stdlib.h
configure:7833: gcc -c -g -O2  conftest.c >&5
configure:7833: $? = 0
configure:7833: result: yes
configure:7833: checking for string.h
configure:7833: gcc -c -g -O2  conftest.c >&5
configure:7833: $? = 0
configure:7833: result: yes
configure:7833: checking for memory.h
configure:7833: gcc -c -g -O2  conftest.c >&5
configure:7833: $? = 0
configure:7833: result: yes
configure:7833: checking for strings.h
configure:7833: gcc -c -g -O2  conftest.c >&5
configure:7833: $? = 0
configure:7833: result: yes
configure:7833: checking for inttypes.h
configure:7833: gcc -c -g -O2  conftest.c >&5
configure:7833: $? = 0
configure:7833: result: yes
configure:7833: checking for stdint.h
configure:7833: gcc -c -g -O2  conftest.c >&5
configure:7833: $? = 0
configure:7833: result: yes
configure:7833: checking for unistd.h
configure:7833: gcc -c -g -O2  conftest.c >&5
configure:7833: $? = 0
configure:7833: result: yes
configure:7849: checking size of long double
configure:7854: gcc -o conftest -g -O2   conftest.c  >&5
configure:7854: $? = 0
configure:7854: ./conftest
configure:7854: $? = 0
configure:7868: result: 12
configure:7899: result: running configure fragment for sysdeps/i386/elf
configure:88: checking for i386 TLS support
configure:110: gcc -c -g -O2 conftest.s 1>&5
configure:113: $? = 0
configure:121: result: yes
configure:7899: result: running configure fragment for nptl/sysdeps/pthread
configure:149: checking for forced unwind support
configure:168: gcc -o conftest -g -O2   conftest.c  >&5
configure:168: $? = 0
configure:176: result: yes
configure:183: checking for C cleanup handling
configure:203: gcc -o conftest -g -O2 -Werror -fexceptions   conftest.c  >&5
configure:203: $? = 0
configure:211: result: yes
configure:7899: result: running configure fragment for sysdeps/pthread
configure:7899: result: running configure fragment for sysdeps/unix/sysv/linux
configure:113: checking for grep that handles long lines and -e
configure:171: result: /bin/grep
configure:176: checking for egrep
configure:238: result: /bin/grep -E
configure:243: checking installed Linux kernel header files
configure:264: result: 2.0.10 or later
configure:519: checking for symlinks in /home/student/Documents/vamv/glibc2/include
configure:536: result: ok
configure:7899: result: running configure fragment for sysdeps/i386
configure:376: checking for grep that handles long lines and -e
configure:434: result: /bin/grep
configure:439: checking for egrep
configure:501: result: /bin/grep -E
configure:506: checking for ANSI C header files
configure:610: result: yes
configure:623: checking for sys/types.h
configure:623: result: yes
configure:623: checking for sys/stat.h
configure:623: result: yes
configure:623: checking for stdlib.h
configure:623: result: yes
configure:623: checking for string.h
configure:623: result: yes
configure:623: checking for memory.h
configure:623: result: yes
configure:623: checking for strings.h
configure:623: result: yes
configure:623: checking for inttypes.h
configure:623: result: yes
configure:623: checking for stdint.h
configure:623: result: yes
configure:623: checking for unistd.h
configure:623: result: yes
configure:635: checking cpuid.h usability
configure:635: gcc -c -g -O2  conftest.c >&5
configure:635: $? = 0
configure:635: result: yes
configure:635: checking cpuid.h presence
configure:635: gcc -E  conftest.c
configure:635: $? = 0
configure:635: result: yes
configure:635: checking for cpuid.h
configure:635: result: yes
configure:644: checking if -g produces usable source locations for assembler-with-cpp
configure:667: gcc   -g -c conftest.S 1>&5
configure:670: $? = 0
configure:675: readelf --debug-dump=line conftest.o |
		   grep conftest\.S 1>&5
  1	0	0	0	conftest.S
configure:678: $? = 0
configure:687: result: yes
configure:694: checking for SSE4 support
configure:700: gcc -msse4 -xc /dev/null -S -o /dev/null
configure:703: $? = 0
configure:710: result: yes
configure:717: checking for assembler -mtune=i686 support
configure:723: gcc -Wa,-mtune=i686 -xc /dev/null -S -o /dev/null
configure:726: $? = 0
configure:733: result: yes
configure:736: checking for AVX support
configure:742: gcc -mavx -xc /dev/null -S -o /dev/null
configure:745: $? = 0
configure:752: result: yes
configure:759: checking for FMA4 support
configure:765: gcc -mfma4 -xc /dev/null -S -o /dev/null
cc1: error: unrecognized command line option "-mfma4"
configure:768: $? = 1
configure:775: result: no
configure:782: checking for -mno-vzeroupper support
configure:788: gcc -mno-vzeroupper -xc /dev/null -S -o /dev/null
cc1: error: unrecognized command line option "-mno-vzeroupper"
configure:791: $? = 1
configure:798: result: no
configure:7913: checking for old glibc 2.0.x headers
configure:7921: result: no
configure:7963: checking whether -fPIC is default
configure:7979: result: no
configure:8122: creating ./config.status

## ---------------------- ##
## Running config.status. ##
## ---------------------- ##

This file was extended by GNU C Library config.status (see version.h), which was
generated by GNU Autoconf 2.68.  Invocation command line was

  CONFIG_FILES    = 
  CONFIG_HEADERS  = 
  CONFIG_LINKS    = 
  CONFIG_COMMANDS = 
  $ ./config.status 

on student-vm

config.status:971: creating config.make
config.status:971: creating Makefile
config.status:971: creating config.h
config.status:1131: config.h is unchanged
config.status:1145: executing default commands

## ---------------- ##
## Cache variables. ##
## ---------------- ##

ac_cv_build=i686-pc-linux-gnu
ac_cv_c_compiler_gnu=yes
ac_cv_cxx_compiler_gnu=yes
ac_cv_env_CCC_set=
ac_cv_env_CCC_value=
ac_cv_env_CC_set=
ac_cv_env_CC_value=
ac_cv_env_CFLAGS_set=
ac_cv_env_CFLAGS_value=
ac_cv_env_CPPFLAGS_set=
ac_cv_env_CPPFLAGS_value=
ac_cv_env_CPP_set=
ac_cv_env_CPP_value=
ac_cv_env_CXXFLAGS_set=
ac_cv_env_CXXFLAGS_value=
ac_cv_env_CXX_set=
ac_cv_env_CXX_value=
ac_cv_env_LDFLAGS_set=
ac_cv_env_LDFLAGS_value=
ac_cv_env_LIBS_set=
ac_cv_env_LIBS_value=
ac_cv_env_build_alias_set=
ac_cv_env_build_alias_value=
ac_cv_env_host_alias_set=
ac_cv_env_host_alias_value=
ac_cv_env_target_alias_set=
ac_cv_env_target_alias_value=
ac_cv_header_cpuid_h=yes
ac_cv_header_inttypes_h=yes
ac_cv_header_memory_h=yes
ac_cv_header_stdc=yes
ac_cv_header_stdint_h=yes
ac_cv_header_stdlib_h=yes
ac_cv_header_string_h=yes
ac_cv_header_strings_h=yes
ac_cv_header_sys_stat_h=yes
ac_cv_header_sys_types_h=yes
ac_cv_header_unistd_h=yes
ac_cv_host=i686-pc-linux-gnu
ac_cv_lib_selinux_is_selinux_enabled=no
ac_cv_objext=o
ac_cv_path_BASH_SHELL=/bin/bash
ac_cv_path_BISON=no
ac_cv_path_EGREP='/bin/grep -E'
ac_cv_path_GREP=/bin/grep
ac_cv_path_INSTALL_INFO=/usr/sbin/install-info
ac_cv_path_PERL=/usr/bin/perl
ac_cv_path_PWD_P=/bin/pwd
ac_cv_path_install='/usr/bin/install -c'
ac_cv_prog_AS=as
ac_cv_prog_AWK=gawk
ac_cv_prog_CC=gcc
ac_cv_prog_CPP='gcc -E'
ac_cv_prog_LD=ld
ac_cv_prog_MAKE=make
ac_cv_prog_MSGFMT=msgfmt
ac_cv_prog_SED=sed
ac_cv_prog_ac_ct_CC=gcc
ac_cv_prog_ac_ct_CXX=g++
ac_cv_prog_ac_ct_READELF=readelf
ac_cv_prog_cc_c89=
ac_cv_prog_cc_g=yes
ac_cv_prog_cxx_g=yes
ac_cv_sizeof_long_double=12
libc_cv_386_tls=yes
libc_cv_Bgroup=yes
libc_cv_as_i686=yes
libc_cv_as_needed=yes
libc_cv_as_noexecstack=yes
libc_cv_asm_cfi_directives=yes
libc_cv_asm_global_directive=.globl
libc_cv_asm_gnu_indirect_function=yes
libc_cv_asm_previous_directive=yes
libc_cv_asm_protected_directive=yes
libc_cv_asm_set_directive=yes
libc_cv_asm_symver_directive=yes
libc_cv_asm_type_prefix=@
libc_cv_asm_underscores=no
libc_cv_asm_unique_object=yes
libc_cv_asm_weak_directive=yes
libc_cv_broken_alias_attribute=no
libc_cv_broken_visibility_attribute=no
libc_cv_c_cleanup=yes
libc_cv_cc_avx=yes
libc_cv_cc_fma4=no
libc_cv_cc_novzeroupper=no
libc_cv_cc_sse4=yes
libc_cv_cc_with_libunwind=no
libc_cv_cpp_asm_debuginfo=yes
libc_cv_ctors_header=yes
libc_cv_dot_text=.text
libc_cv_fno_toplevel_reorder=yes
libc_cv_forced_unwind=yes
libc_cv_fpie=yes
libc_cv_friendly_stddef=yes
libc_cv_gcc___thread=yes
libc_cv_gcc_builtin_expect=yes
libc_cv_gcc_builtin_memset=yes
libc_cv_gcc_builtin_redirection=yes
libc_cv_gcc_exceptions=yes
libc_cv_gcc_static_libgcc=-static-libgcc
libc_cv_gcc_tls_model_attr=yes
libc_cv_gcc_unwind_find_fde=yes
libc_cv_gnu89_inline=yes
libc_cv_hashstyle=yes
libc_cv_have_bash2=yes
libc_cv_have_ksh=yes
libc_cv_have_sdata_section=no
libc_cv_have_section_quotes=no
libc_cv_idn=no
libc_cv_initfini_array=yes
libc_cv_ld_no_whole_archive=yes
libc_cv_ld_version_script_option=yes
libc_cv_libgcc_s_suffix=
libc_cv_linux2010='2.0.10 or later'
libc_cv_need_minus_P=no
libc_cv_nss_crypt=no
libc_cv_output_format=unknown
libc_cv_pic_default=no
libc_cv_prog_as_gnu=yes
libc_cv_prog_ld_gnu=yes
libc_cv_signed_size_t=no
libc_cv_ssp=yes
libc_cv_sysconfdir='${prefix}/etc'
libc_cv_use_default_link=no
libc_cv_visibility_attribute=yes
libc_cv_weak_symbols=yes
libc_cv_z_combreloc=yes
libc_cv_z_execstack=yes
libc_cv_z_initfirst=yes
libc_cv_z_nodelete=yes
libc_cv_z_nodlopen=yes
libc_cv_z_relro=yes

## ----------------- ##
## Output variables. ##
## ----------------- ##

AR='ar'
AS='as'
ASFLAGS_config=' -Wa,--noexecstack'
AUTOCONF='no'
AWK='gawk'
BASH_SHELL='/bin/bash'
BISON='no'
BUILD_CC=''
CC='gcc'
CFLAGS='-g -O2'
CPP='gcc -E'
CPPFLAGS=''
CXX='g++'
CXXFLAGS=-D_FORTIFY_SOURCE=2='-g -O2=-D_FORTIFY_SOURCE=2'
CXX_SYSINCLUDES=''
DEFINES=' -D_LIBC_REENTRANT'
DEFS='-DHAVE_CONFIG_H'
ECHO_C=''
ECHO_N='-n'
ECHO_T=''
EGREP='/bin/grep -E'
GREP='/bin/grep'
INSTALL_DATA='${INSTALL} -m 644'
INSTALL_INFO='/usr/sbin/install-info'
INSTALL_PROGRAM='${INSTALL}'
INSTALL_SCRIPT='${INSTALL}'
KSH='/bin/bash'
LD='ld'
LDFLAGS=''
LIBGD='no'
LIBOBJS=''
LIBS=''
LN_S='ln -s'
LTLIBOBJS=''
MAKE='make'
MAKEINFO=':'
MIG=''
MSGFMT='msgfmt'
OBJCOPY='objcopy'
OBJDUMP='objdump'
OBJEXT='o'
PACKAGE_BUGREPORT='http://sourceware.org/bugzilla/'
PACKAGE_NAME='GNU C Library'
PACKAGE_STRING='GNU C Library (see version.h)'
PACKAGE_TARNAME='glibc'
PACKAGE_URL='http://www.gnu.org/software/glibc/'
PACKAGE_VERSION='(see version.h)'
PATH_SEPARATOR=':'
PERL='/usr/bin/perl'
PWD_P='/bin/pwd'
READELF='readelf'
RELEASE='stable'
SED='sed'
SHELL='/bin/bash'
SYSINCLUDES=''
VERSION='2.15'
VERSIONING='yes'
ac_ct_CC='gcc'
ac_ct_CXX='g++'
add_on_subdirs=' libidn'
add_ons='libidn nptl'
all_warnings=''
base_machine='i386'
bindir='${exec_prefix}/bin'
bindnow='no'
bounded='no'
build='i686-pc-linux-gnu'
build_alias=''
build_cpu='i686'
build_os='linux-gnu'
build_vendor='pc'
cross_compiling='no'
datadir='${datarootdir}'
datarootdir='${prefix}/share'
docdir='${datarootdir}/doc/${PACKAGE_TARNAME}'
dvidir='${docdir}'
elf='yes'
enable_check_abi='no'
exceptions='-fexceptions'
exec_prefix='${prefix}'
fno_unit_at_a_time='-fno-toplevel-reorder -fno-section-anchors'
force_install='yes'
gnu89_inline='-fgnu89-inline'
have_libaudit=''
have_libcap=''
have_selinux='no'
host='i686-pc-linux-gnu'
host_alias=''
host_cpu='i686'
host_os='linux-gnu'
host_vendor='pc'
htmldir='${docdir}'
includedir='${prefix}/include'
infodir='${datarootdir}/info'
ldd_rewrite_script='sysdeps/unix/sysv/linux/ldd-rewrite.sed'
libc_cv_Bgroup='yes'
libc_cv_as_i686='yes'
libc_cv_as_needed='yes'
libc_cv_cc_avx='yes'
libc_cv_cc_fma4='no'
libc_cv_cc_novzeroupper='no'
libc_cv_cc_sse4='yes'
libc_cv_cc_submachine=''
libc_cv_cc_with_libunwind='no'
libc_cv_cpp_asm_debuginfo='yes'
libc_cv_forced_unwind='yes'
libc_cv_fpie='yes'
libc_cv_gcc_static_libgcc='-static-libgcc'
libc_cv_gcc_unwind_find_fde='yes'
libc_cv_hashstyle='yes'
libc_cv_have_bash2='yes'
libc_cv_have_initfini=''
libc_cv_have_ksh='yes'
libc_cv_libgcc_s_suffix=''
libc_cv_localedir=''
libc_cv_nss_crypt='no'
libc_cv_output_format='unknown'
libc_cv_pic_default='no'
libc_cv_rootsbindir=''
libc_cv_slibdir=''
libc_cv_ssp='yes'
libc_cv_sysconfdir='${prefix}/etc'
libc_cv_z_combreloc='yes'
libc_cv_z_execstack='yes'
libdir='${exec_prefix}/lib'
libexecdir='${exec_prefix}/libexec'
localedir='${datarootdir}/locale'
localstatedir='${prefix}/var'
mach_interface_list=''
mandir='${datarootdir}/man'
multi_arch='default'
nopic_initfini=''
old_glibc_headers='no'
oldest_abi='default'
oldincludedir='/usr/include'
omitfp='no'
pdfdir='${docdir}'
prefix='/home/student/Documents/vamv/glibc2'
profile='no'
program_transform_name='s,x,x,'
psdir='${docdir}'
sbindir='${exec_prefix}/sbin'
shared='yes'
sharedstatedir='${prefix}/com'
sizeof_long_double='12'
static='yes'
static_nss='no'
subdirs='  '
submachine=''
sysconfdir='${prefix}/etc'
sysdeps_add_ons=' nptl'
sysnames=' sysdeps/i386/elf nptl/sysdeps/unix/sysv/linux/i386/i686 sysdeps/unix/sysv/linux/i386/i686 nptl/sysdeps/unix/sysv/linux/i386 sysdeps/unix/sysv/linux/i386 nptl/sysdeps/unix/sysv/linux nptl/sysdeps/pthread sysdeps/pthread sysdeps/unix/sysv/linux sysdeps/gnu sysdeps/unix/common sysdeps/unix/mman sysdeps/unix/inet sysdeps/unix/sysv/i386 nptl/sysdeps/unix/sysv sysdeps/unix/sysv sysdeps/unix/i386 nptl/sysdeps/unix sysdeps/unix sysdeps/posix sysdeps/i386/i686/fpu sysdeps/i386/i686/multiarch nptl/sysdeps/i386/i686 sysdeps/i386/i686 sysdeps/i386/i486 nptl/sysdeps/i386/i486 sysdeps/i386/fpu nptl/sysdeps/i386 sysdeps/i386 sysdeps/wordsize-32 sysdeps/ieee754/ldbl-96 sysdeps/ieee754/dbl-64 sysdeps/ieee754/flt-32 sysdeps/ieee754 sysdeps/generic/elf sysdeps/generic'
target_alias=''
use_default_link='no'
use_ldconfig='yes'
with_fp='yes'
xcoff='no'

## ----------- ##
## confdefs.h. ##
## ----------- ##

/* confdefs.h */
#define PACKAGE_NAME "GNU C Library"
#define PACKAGE_TARNAME "glibc"
#define PACKAGE_VERSION "(see version.h)"
#define PACKAGE_STRING "GNU C Library (see version.h)"
#define PACKAGE_BUGREPORT "http://sourceware.org/bugzilla/"
#define PACKAGE_URL "http://www.gnu.org/software/glibc/"
#define HAVE_LIBIDN 1
#define USE_REGPARMS 1
#define ASM_GLOBAL_DIRECTIVE .globl
#define ASM_TYPE_DIRECTIVE_PREFIX @
#define USE_MULTIARCH 1
#define HAVE_ASM_SET_DIRECTIVE 1
#define HAVE_ASM_UNIQUE_OBJECT 1
#define DO_VERSIONING 1
#define HAVE_ASM_PREVIOUS_DIRECTIVE 1
#define HAVE_Z_COMBRELOC 1
#define NO_UNDERSCORES 1
#define HAVE_ASM_WEAK_DIRECTIVE 1
#define HAVE_ASM_CFI_DIRECTIVES 1
#define HAVE_BUILTIN_MEMSET 1
#define STDC_HEADERS 1
#define HAVE_SYS_TYPES_H 1
#define HAVE_SYS_STAT_H 1
#define HAVE_STDLIB_H 1
#define HAVE_STRING_H 1
#define HAVE_MEMORY_H 1
#define HAVE_STRINGS_H 1
#define HAVE_INTTYPES_H 1
#define HAVE_STDINT_H 1
#define HAVE_UNISTD_H 1
#define SIZEOF_LONG_DOUBLE 12
#define PI_STATIC_AND_HIDDEN 1
#define HAVE_FORCED_UNWIND 1
#define HAVE_INLINED_SYSCALLS 1
#define STDC_HEADERS 1
#define HAVE_SYS_TYPES_H 1
#define HAVE_SYS_STAT_H 1
#define HAVE_STDLIB_H 1
#define HAVE_STRING_H 1
#define HAVE_MEMORY_H 1
#define HAVE_STRINGS_H 1
#define HAVE_INTTYPES_H 1
#define HAVE_STDINT_H 1
#define HAVE_UNISTD_H 1
#define HAVE_CPP_ASM_DEBUGINFO 1
#define HAVE_SSE4_SUPPORT 1
#define HAVE_AVX_SUPPORT 1
#define EXPORT_UNWIND_FIND_FDE 1
#define HAVE_ELF 1

configure: exit 0
